<?xml version="1.0" encoding="UTF-8"?>
<testsuite xmlns:xsi="http://www.w3.org/2001/XMLSchema-instance" xsi:noNamespaceSchemaLocation="https://maven.apache.org/surefire/maven-surefire-plugin/xsd/surefire-test-report-3.0.xsd" version="3.0" name="runner.TestRunner" time="13.333" tests="1" errors="0" skipped="0" failures="0">
  <properties>
[...]
</properties>
  <testcase name="runScenario[&quot;verify Order placement-&quot;standard_user&quot;&quot;, &quot;Login&quot;](1)" classname="runner.TestRunner" time="12.075">
    <system-out><![CDATA[
Scenario: verify Order placement-"standard_user"                            &amp#27;[90m# src/test/resources/features/Login.feature:3&amp#27;[0m
  &amp#27;[32mGiven &amp#27;[0m&amp#27;[32muser opens HomePage&amp#27;[0m                                                 &amp#27;[90m# stepDefinition.LoginSteps.openSite()&amp#27;[0m
  &amp#27;[32mWhen &amp#27;[0m&amp#27;[32muser login with username &amp#27;[0m&amp#27;[32m&amp#27;[1m"standard_user"&amp#27;[0m&amp#27;[32m and password &amp#27;[0m&amp#27;[32m&amp#27;[1m"secret_sauce"&amp#27;[0m &amp#27;[90m# stepDefinition.LoginSteps.login(java.lang.String,java.lang.String)&amp#27;[0m
  &amp#27;[32mAnd &amp#27;[0m&amp#27;[32muser add products to cart&amp#27;[0m                                             &amp#27;[90m# stepDefinition.ProductsPageSteps.addProductsToCart()&amp#27;[0m
  &amp#27;[32mAnd &amp#27;[0m&amp#27;[32muser navigate to cart page&amp#27;[0m                                            &amp#27;[90m# stepDefinition.ProductsPageSteps.navigateToCartPage()&amp#27;[0m
  &amp#27;[32mAnd &amp#27;[0m&amp#27;[32muser navigate to check out page&amp#27;[0m                                       &amp#27;[90m# stepDefinition.ProductsPageSteps.navigateToCheckoutPage()&amp#27;[0m
  &amp#27;[32mAnd &amp#27;[0m&amp#27;[32muser enter Checkout Info And Finish&amp#27;[0m                                   &amp#27;[90m# stepDefinition.ProductsPageSteps.enterCheckoutInfoAndFinish()&amp#27;[0m
✅ Test Passed
  &amp#27;[32mThen &amp#27;[0m&amp#27;[32muser verify success message&amp#27;[0m                                          &amp#27;[90m# stepDefinition.ProductsPageSteps.verifySuccessMessage()&amp#27;[0m
  &amp#27;[32mAnd &amp#27;[0m&amp#27;[32muser logOut&amp#27;[0m                                                           &amp#27;[90m# stepDefinition.LoginSteps.userLogOut()&amp#27;[0m
]]></system-out>
    <system-err><![CDATA[SLF4J(W): No SLF4J providers were found.
SLF4J(W): Defaulting to no-operation (NOP) logger implementation
SLF4J(W): See https://www.slf4j.org/codes.html#noProviders for further details.
]]></system-err>
  </testcase>
</testsuite>